E:\GAME.CLR\CLR GAME\CLR GAME\DEBUG\SOURCE.OBJ
E:\GAME.CLR\CLR GAME\CLR GAME\DEBUG\VC110.PDB
E:\GAME.CLR\CLR GAME\DEBUG\CLR GAME.ILK
E:\GAME.CLR\CLR GAME\DEBUG\CLR GAME.EXE
E:\GAME.CLR\CLR GAME\DEBUG\CLR GAME.PDB
E:\game.clr\clr game\clr game\Debug\Source.obj
E:\game.clr\clr game\clr game\Debug\cl.command.1.tlog
E:\game.clr\clr game\clr game\Debug\CL.read.1.tlog
E:\game.clr\clr game\clr game\Debug\CL.write.1.tlog
E:\game.clr\clr game\clr game\Debug\link-cvtres.read.1.tlog
E:\game.clr\clr game\clr game\Debug\link-cvtres.write.1.tlog
E:\game.clr\clr game\clr game\Debug\link-rc.read.1.tlog
E:\game.clr\clr game\clr game\Debug\link-rc.write.1.tlog
E:\game.clr\clr game\clr game\Debug\link.command.1.tlog
E:\game.clr\clr game\clr game\Debug\link.read.1.tlog
E:\game.clr\clr game\clr game\Debug\link.write.1.tlog
E:\game.clr\clr game\clr game\Debug\vc110.idb
E:\game.clr\clr game\clr game\Debug\vc110.pdb
E:\game.clr\clr game\Debug\clr game.pdb
E:\game.clr\clr game\Debug\clr game.exe
E:\game.clr\clr game\Debug\clr game.ilk
